<?xml version="1.0" encoding="UTF-8"?>
<testsuite name="dataTypesExercise1.TestDataTypesExercise1" tests="2" skipped="0" failures="0" errors="0" timestamp="2023-12-02T13:27:12" hostname="DESKTOP-HQ7FM4O" time="0.042">
  <properties/>
  <testcase name="checkOutput" classname="dataTypesExercise1.TestDataTypesExercise1" time="0.041"/>
  <testcase name="checkTypeMismatch" classname="dataTypesExercise1.TestDataTypesExercise1" time="0.001"/>
  <system-out><![CDATA[]]></system-out>
  <system-err><![CDATA[]]></system-err>
</testsuite>
